<?xml version="1.0" encoding="UTF-8"?>
<!-- Generated by org.testng.reporters.JUnitReportReporter -->
<testsuite hostname="DESKTOP-KNBU04J" failures="0" tests="4" name="com.TestNG.TestNGExample1" time="0.015" errors="0" timestamp="2023-01-06T21:52:03 IST" skipped="1">
  <testcase classname="com.TestNG.TestNGExample1" name="gmailapplicationlaunch" time="0.013"/>
  <system-out/>
  <testcase classname="com.TestNG.TestNGExample1" name="gmailInboxTest" time="0.001"/>
  <system-out/>
  <testcase classname="com.TestNG.TestNGExample1" name="gmailSentMailTest" time="0.001"/>
  <system-out/>
  <testcase classname="com.TestNG.TestNGExample1" name="gmailComposedMailTest">
    <skipped/>
  </testcase> <!-- gmailComposedMailTest -->
  <system-out/>
</testsuite> <!-- com.TestNG.TestNGExample1 -->
