<?xml version="1.0" encoding="UTF-8"?>
<!-- Generated by org.testng.reporters.JUnitReportReporter -->
<testsuite hostname="DESKTOP-KNBU04J" failures="0" tests="3" name="com.OHRM_TestNGAssignments.OHRM_TestNG_AddEmployeeFunctionality" time="20.122" errors="0" timestamp="2023-01-08T16:10:47 IST" skipped="0">
  <testcase classname="com.OHRM_TestNGAssignments.OHRM_TestNG_AddEmployeeFunctionality" name="LoginPageInputs" time="2.343"/>
  <system-out/>
  <testcase classname="com.OHRM_TestNGAssignments.OHRM_TestNG_AddEmployeeFunctionality" name="HomePageValidation" time="1.096"/>
  <system-out/>
  <testcase classname="com.OHRM_TestNGAssignments.OHRM_TestNG_AddEmployeeFunctionality" name="AddEmployeePage" time="16.683"/>
  <system-out/>
</testsuite> <!-- com.OHRM_TestNGAssignments.OHRM_TestNG_AddEmployeeFunctionality -->
