<?xml version="1.0" encoding="UTF-8"?>
<!-- Generated by org.testng.reporters.JUnitReportReporter -->
<testsuite hostname="DESKTOP-KNBU04J" failures="0" tests="3" name="log4J.OHRM_UsingLog" time="19.373" errors="0" timestamp="2023-01-10T17:24:58 IST" skipped="0">
  <testcase classname="log4J.OHRM_UsingLog" name="LoginPageInputs" time="3.137"/>
  <system-out/>
  <testcase classname="log4J.OHRM_UsingLog" name="HomePageValidation" time="1.168"/>
  <system-out/>
  <testcase classname="log4J.OHRM_UsingLog" name="AddEmployeePage" time="15.068"/>
  <system-out/>
</testsuite> <!-- log4J.OHRM_UsingLog -->
