<?xml version="1.0" encoding="UTF-8"?>
<!-- Generated by org.testng.reporters.JUnitReportReporter -->
<testsuite hostname="DESKTOP-KNBU04J" failures="0" tests="4" name="com.TestNG.TestNGExample2" time="0.009" errors="0" timestamp="2023-01-06T21:53:12 IST" skipped="1">
  <testcase classname="com.TestNG.TestNGExample2" name="gmailInboxTest" time="0.007"/>
  <system-out/>
  <testcase classname="com.TestNG.TestNGExample2" name="gmailsentmailtest" time="0.001"/>
  <system-out/>
  <testcase classname="com.TestNG.TestNGExample2" name="gamailDraftsTest" time="0.001"/>
  <system-out/>
  <testcase classname="com.TestNG.TestNGExample2" name="gmailComposedMailTest">
    <skipped/>
  </testcase> <!-- gmailComposedMailTest -->
  <system-out/>
</testsuite> <!-- com.TestNG.TestNGExample2 -->
