<?xml version="1.0" encoding="UTF-8"?>
<!-- Generated by org.testng.reporters.JUnitReportReporter -->
<testsuite hostname="DESKTOP-KNBU04J" failures="0" tests="3" name="com.OHRM_TestNGAssignments.OHRM_TestNG_EmployeeList" time="9.679" errors="0" timestamp="2023-01-08T17:40:16 IST" skipped="0">
  <testcase classname="com.OHRM_TestNGAssignments.OHRM_TestNG_EmployeeList" name="LoginPageInputs" time="2.169"/>
  <system-out/>
  <testcase classname="com.OHRM_TestNGAssignments.OHRM_TestNG_EmployeeList" name="HomePageValidation" time="1.206"/>
  <system-out/>
  <testcase classname="com.OHRM_TestNGAssignments.OHRM_TestNG_EmployeeList" name="EmployeeList" time="6.304"/>
  <system-out/>
</testsuite> <!-- com.OHRM_TestNGAssignments.OHRM_TestNG_EmployeeList -->
