<?xml version="1.0" encoding="UTF-8"?>
<!-- Generated by org.testng.reporters.JUnitReportReporter -->
<testsuite hostname="DESKTOP-KNBU04J" failures="0" tests="4" name="com.TestNG.TestNGExample3" time="0.017" errors="0" timestamp="2023-01-06T21:48:09 IST" skipped="1">
  <testcase classname="com.TestNG.TestNGExample3" name="gmailInboxTest" time="0.007"/>
  <system-out/>
  <testcase classname="com.TestNG.TestNGExample3" name="gmailsentmailtest" time="0.008"/>
  <system-out/>
  <testcase classname="com.TestNG.TestNGExample3" name="gamailDraftsTest" time="0.002"/>
  <system-out/>
  <testcase classname="com.TestNG.TestNGExample3" name="gmailComposedMailTest">
    <skipped/>
  </testcase> <!-- gmailComposedMailTest -->
  <system-out/>
</testsuite> <!-- com.TestNG.TestNGExample3 -->
