<?xml version="1.0" encoding="UTF-8"?>
<!-- Generated by org.testng.reporters.JUnitReportReporter -->
<testsuite hostname="DESKTOP-KNBU04J" failures="0" tests="2" name="com.OHRM_TestNGAssignments.LoginFunctionality_MTD" time="20.841" errors="0" timestamp="2023-01-08T15:21:10 IST" skipped="0">
  <testcase classname="com.OHRM_TestNGAssignments.LoginFunctionality_MTD" name="LoginPageValidation" time="0.096"/>
  <system-out/>
  <testcase classname="com.OHRM_TestNGAssignments.LoginFunctionality_MTD" name="LoginFunctionalityTest" time="20.745"/>
  <system-out/>
</testsuite> <!-- com.OHRM_TestNGAssignments.LoginFunctionality_MTD -->
